#
# There is insufficient memory for the Java Runtime Environment to continue.
# Native memory allocation (malloc) failed to allocate 1048576 bytes for AllocateHeap
# Possible reasons:
#   The system is out of physical RAM or swap space
#   The process is running with CompressedOops enabled, and the Java Heap may be blocking the growth of the native heap
# Possible solutions:
#   Reduce memory load on the system
#   Increase physical memory or swap space
#   Check if swap backing store is full
#   Decrease Java heap size (-Xmx/-Xms)
#   Decrease number of Java threads
#   Decrease Java thread stack sizes (-Xss)
#   Set larger code cache with -XX:ReservedCodeCacheSize=
#   JVM is running with Unscaled Compressed Oops mode in which the Java heap is
#     placed in the first 4GB address space. The Java Heap base address is the
#     maximum limit for the native heap growth. Please use -XX:HeapBaseMinAddress
#     to set the Java Heap base and to place the Java Heap above 4GB virtual address.
# This output file may be truncated or incomplete.
#
#  Out of Memory Error (allocation.cpp:44), pid=10448, tid=14720
#
# JRE version:  (18.0.1.1+2) (build )
# Java VM: Java HotSpot(TM) 64-Bit Server VM (18.0.1.1+2-6, mixed mode, sharing, tiered, compressed oops, compressed class ptrs, g1 gc, windows-amd64)
# No core dump will be written. Minidumps are not enabled by default on client versions of Windows
#

---------------  S U M M A R Y ------------

Command Line: -Dfile.encoding=UTF-8 -XX:+ShowCodeDetailsInExceptionMessages app.AppLoja

Host: Intel(R) Core(TM) i7-7600U CPU @ 2.80GHz, 4 cores, 7G,  Windows 10 , 64 bit Build 19041 (10.0.19041.3155)
Time: Mon Jul 24 20:34:34 2023 Hora oficial do Brasil elapsed time: 0.026661 seconds (0d 0h 0m 0s)

---------------  T H R E A D  ---------------

Current thread (0x00000273625a3de0):  JavaThread "Unknown thread" [_thread_in_vm, id=14720, stack(0x0000009b8cb00000,0x0000009b8cc00000)]

Stack: [0x0000009b8cb00000,0x0000009b8cc00000]
Native frames: (J=compiled Java code, j=interpreted, Vv=VM code, C=native code)
V  [jvm.dll+0x69887a]
V  [jvm.dll+0x7f38bd]
V  [jvm.dll+0x7f51ce]
V  [jvm.dll+0x7f5883]
V  [jvm.dll+0x25ca3f]
V  [jvm.dll+0xb31af]
V  [jvm.dll+0x2f7929]
V  [jvm.dll+0x7c24bb]
V  [jvm.dll+0x38b801]
V  [jvm.dll+0x7a1203]
V  [jvm.dll+0x40d6bf]
V  [jvm.dll+0x40f091]
C  [jli.dll+0x526b]
C  [ucrtbase.dll+0x21bb2]
C  [KERNEL32.DLL+0x17614]
C  [ntdll.dll+0x526b1]


---------------  P R O C E S S  ---------------

Threads class SMR info:
_java_thread_list=0x00007ffb69f0d550, length=0, elements={
}

Java Threads: ( => current thread )

Other Threads:

=>0x00000273625a3de0 (exited) JavaThread "Unknown thread" [_thread_in_vm, id=14720, stack(0x0000009b8cb00000,0x0000009b8cc00000)]

Threads with active compile tasks:

VM state: not at safepoint (not fully initialized)

VM Mutex/Monitor currently owned by a thread: None

Heap address: 0x0000000000000000, size: 0 MB, Compressed Oops mode: 32-bit

CDS archive(s) mapped at: [0x0000000000000000-0x0000000000000000-0x0000000000000000), size 0, SharedBaseAddress: 0x0000000800000000, ArchiveRelocationMode: 0.
Narrow klass base: 0x0000000000000000, Narrow klass shift: 0, Narrow klass range: 0x0

GC Precious Log:
 CardTable entry size: 512
 Card Set container configuration: InlinePtr #cards 5 size 8 Array Of Cards #cards 12 size 40 Howl #buckets 4 coarsen threshold 1843 Howl Bitmap #cards 512 size 80 coarsen threshold 460 Card regions per heap region 1 cards per card region 2048

GC Heap History (0 events):
No events

Deoptimization events (0 events):
No events

Classes loaded (0 events):
No events

Classes unloaded (0 events):
No events

Classes redefined (0 events):
No events

Internal exceptions (0 events):
No events

VM Operations (0 events):
No events

Events (1 events):
Event: 0.016 Loaded shared library C:\Program Files\Java\jdk-18.0.1.1\bin\java.dll


Dynamic libraries:
0x00007ff6232a0000 - 0x00007ff6232b0000 	C:\Program Files\Java\jdk-18.0.1.1\bin\javaw.exe
0x00007ffbbdd70000 - 0x00007ffbbdf68000 	C:\WINDOWS\SYSTEM32\ntdll.dll
0x00007ffbbd7b0000 - 0x00007ffbbd86f000 	C:\WINDOWS\System32\KERNEL32.DLL
0x00007ffbbb450000 - 0x00007ffbbb746000 	C:\WINDOWS\System32\KERNELBASE.dll
0x00007ffbbbb00000 - 0x00007ffbbbc00000 	C:\WINDOWS\System32\ucrtbase.dll
0x00007ffb932f0000 - 0x00007ffb93308000 	C:\Program Files\Java\jdk-18.0.1.1\bin\jli.dll
0x00007ffbbd130000 - 0x00007ffbbd1df000 	C:\WINDOWS\System32\ADVAPI32.dll
0x00007ffbbd630000 - 0x00007ffbbd6ce000 	C:\WINDOWS\System32\msvcrt.dll
0x00007ffbbd870000 - 0x00007ffbbd90c000 	C:\WINDOWS\System32\sechost.dll
0x00007ffb932d0000 - 0x00007ffb932ea000 	C:\Program Files\Java\jdk-18.0.1.1\bin\VCRUNTIME140.dll
0x00007ffbbd250000 - 0x00007ffbbd376000 	C:\WINDOWS\System32\RPCRT4.dll
0x00007ffbbd430000 - 0x00007ffbbd5cd000 	C:\WINDOWS\System32\USER32.dll
0x00007ffbbba30000 - 0x00007ffbbba52000 	C:\WINDOWS\System32\win32u.dll
0x00007ffbbd100000 - 0x00007ffbbd12c000 	C:\WINDOWS\System32\GDI32.dll
0x00007ffbbb910000 - 0x00007ffbbba25000 	C:\WINDOWS\System32\gdi32full.dll
0x00007ffbbba60000 - 0x00007ffbbbafd000 	C:\WINDOWS\System32\msvcp_win.dll
0x00007ffbac270000 - 0x00007ffbac50a000 	C:\WINDOWS\WinSxS\amd64_microsoft.windows.common-controls_6595b64144ccf1df_6.0.19041.1110_none_60b5254171f9507e\COMCTL32.dll
0x00007ffbb0a60000 - 0x00007ffbb0a6a000 	C:\WINDOWS\SYSTEM32\VERSION.dll
0x00007ffbbd910000 - 0x00007ffbbd940000 	C:\WINDOWS\System32\IMM32.DLL
0x0000027360d70000 - 0x0000027360d84000 	C:\WINDOWS\System32\umppc16606.dll
0x00007ffb90220000 - 0x00007ffb9022c000 	C:\Program Files\Java\jdk-18.0.1.1\bin\vcruntime140_1.dll
0x00007ffb90190000 - 0x00007ffb9021d000 	C:\Program Files\Java\jdk-18.0.1.1\bin\msvcp140.dll
0x00007ffb69430000 - 0x00007ffb6a040000 	C:\Program Files\Java\jdk-18.0.1.1\bin\server\jvm.dll
0x00007ffbbc650000 - 0x00007ffbbc658000 	C:\WINDOWS\System32\PSAPI.DLL
0x00007ffb90180000 - 0x00007ffb90189000 	C:\WINDOWS\SYSTEM32\WSOCK32.dll
0x00007ffbbd1e0000 - 0x00007ffbbd24b000 	C:\WINDOWS\System32\WS2_32.dll
0x00007ffbad8a0000 - 0x00007ffbad8c7000 	C:\WINDOWS\SYSTEM32\WINMM.dll
0x00007ffbb9ab0000 - 0x00007ffbb9ac2000 	C:\WINDOWS\SYSTEM32\kernel.appcore.dll
0x00007ffb90170000 - 0x00007ffb9017a000 	C:\Program Files\Java\jdk-18.0.1.1\bin\jimage.dll
0x00007ffbb2090000 - 0x00007ffbb2274000 	C:\WINDOWS\SYSTEM32\DBGHELP.DLL
0x00007ffbb1f80000 - 0x00007ffbb1fb4000 	C:\WINDOWS\SYSTEM32\dbgcore.DLL
0x00007ffbbb880000 - 0x00007ffbbb902000 	C:\WINDOWS\System32\bcryptPrimitives.dll
0x00007ffb90140000 - 0x00007ffb90165000 	C:\Program Files\Java\jdk-18.0.1.1\bin\java.dll

dbghelp: loaded successfully - version: 4.0.5 - missing functions: none
symbol engine: initialized successfully - sym options: 0x614 - pdb path: .;C:\Program Files\Java\jdk-18.0.1.1\bin;C:\WINDOWS\SYSTEM32;C:\WINDOWS\WinSxS\amd64_microsoft.windows.common-controls_6595b64144ccf1df_6.0.19041.1110_none_60b5254171f9507e;C:\Program Files\Java\jdk-18.0.1.1\bin\server

VM Arguments:
jvm_args: -Dfile.encoding=UTF-8 -XX:+ShowCodeDetailsInExceptionMessages 
java_command: app.AppLoja
java_class_path (initial): C:\Users\3343.343\Desktop\TDS23\JAVA\LOJA DE PNEUS\bin
Launcher Type: SUN_STANDARD

[Global flags]
     intx CICompilerCount                          = 3                                         {product} {ergonomic}
     uint ConcGCThreads                            = 1                                         {product} {ergonomic}
     uint G1ConcRefinementThreads                  = 4                                         {product} {ergonomic}
   size_t G1HeapRegionSize                         = 1048576                                   {product} {ergonomic}
    uintx GCDrainStackTargetSize                   = 64                                        {product} {ergonomic}
   size_t InitialHeapSize                          = 132120576                                 {product} {ergonomic}
   size_t MarkStackSize                            = 4194304                                   {product} {ergonomic}
   size_t MaxHeapSize                              = 2105540608                                {product} {ergonomic}
   size_t MinHeapDeltaBytes                        = 1048576                                   {product} {ergonomic}
   size_t MinHeapSize                              = 8388608                                   {product} {ergonomic}
    uintx NonNMethodCodeHeapSize                   = 5832780                                {pd product} {ergonomic}
    uintx NonProfiledCodeHeapSize                  = 122912730                              {pd product} {ergonomic}
    uintx ProfiledCodeHeapSize                     = 122912730                              {pd product} {ergonomic}
    uintx ReservedCodeCacheSize                    = 251658240                              {pd product} {ergonomic}
     bool SegmentedCodeCache                       = true                                      {product} {ergonomic}
     bool ShowCodeDetailsInExceptionMessages       = true                                   {manageable} {command line}
   size_t SoftMaxHeapSize                          = 2105540608                             {manageable} {ergonomic}
     bool UseCompressedClassPointers               = true                           {product lp64_product} {ergonomic}
     bool UseCompressedOops                        = true                           {product lp64_product} {ergonomic}
     bool UseG1GC                                  = true                                      {product} {ergonomic}
     bool UseLargePagesIndividualAllocation        = false                                  {pd product} {ergonomic}

Logging:
Log output configuration:
 #0: stdout all=warning uptime,level,tags foldmultilines=false
 #1: stderr all=off uptime,level,tags foldmultilines=false

Environment Variables:
PATH=C:\Program Files\Python310\Scripts\;C:\Program Files\Python310\;C:\Program Files\Common Files\Oracle\Java\javapath;C:\Program Files (x86)\Common Files\Oracle\Java\javapath;C:\WINDOWS\system32;C:\WINDOWS;C:\WINDOWS\System32\Wbem;C:\WINDOWS\System32\WindowsPowerShell\v1.0\;C:\WINDOWS\System32\OpenSSH\;C:\ProgramData\UNIVALI\Portugol Studio;C:\Program Files (x86)\Microsoft SQL Server\160\DTS\Binn\;C:\Program Files\Azure Data Studio\bin;C:\Program Files\Microsoft SQL Server\Client SDK\ODBC\130\Tools\Binn\;C:\Program Files (x86)\Microsoft SQL Server\130\Tools\Binn\;C:\Program Files\Microsoft SQL Server\130\Tools\Binn\;C:\Program Files\Microsoft SQL Server\130\DTS\Binn\;C:\Program Files\nodejs\;C:\Program Files\dotnet\;C:\Program Files\Microsoft SQL Server\Client SDK\ODBC\170\Tools\Binn\;C:\Users\3343.343\AppData\Local\Microsoft\WindowsApps;C:\Users\3343.343\AppData\Local\Programs\Microsoft VS Code\bin;C:\Users\3343.343\AppData\Local\Programs\Git\cmd
USERNAME=3343.343
OS=Windows_NT
PROCESSOR_IDENTIFIER=Intel64 Family 6 Model 142 Stepping 9, GenuineIntel



---------------  S Y S T E M  ---------------

OS:
 Windows 10 , 64 bit Build 19041 (10.0.19041.3155)
OS uptime: 0 days 1:26 hours

CPU: total 4 (initial active 4) (2 cores per cpu, 2 threads per core) family 6 model 142 stepping 9 microcode 0xb4, cx8, cmov, fxsr, ht, mmx, 3dnowpref, sse, sse2, sse3, ssse3, sse4.1, sse4.2, popcnt, lzcnt, tsc, tscinvbit, avx, avx2, aes, erms, clmul, bmi1, bmi2, rtm, adx, fma, vzeroupper, clflush, clflushopt

Memory: 4k page, system-wide physical 8030M (2489M free)
TotalPageFile size 10296M (AvailPageFile size 5M)
current process WorkingSet (physical memory assigned to process): 10M, peak: 10M
current process commit charge ("private bytes"): 11M, peak: 12M

vm_info: Java HotSpot(TM) 64-Bit Server VM (18.0.1.1+2-6) for windows-amd64 JRE (18.0.1.1+2-6), built on Apr 25 2022 21:53:15 by "mach5one" with MS VC++ 16.8 / 16.9 (VS2019)

END.
